<?xml version="1.0" encoding="UTF-8"?>
<!-- Generated by org.testng.reporters.JUnitReportReporter -->
<testsuite hostname="PC08-ATS" failures="0" tests="1" name="essential.LoginLogout" time="4.475" errors="0" timestamp="2025-04-16T18:45:17 IST" skipped="0">
  <testcase classname="essential.LoginLogout" name="adminLoginLogout" time="4.475"/>
</testsuite> <!-- essential.LoginLogout -->
