<?xml version="1.0" encoding="UTF-8"?>
<!-- Generated by org.testng.reporters.JUnitReportReporter -->
<testsuite hostname="ATS-PC10" failures="0" tests="1" name="enterprise.Expense" time="127.625" errors="0" timestamp="2025-04-18T14:27:58 IST" skipped="0">
  <testcase classname="enterprise.Expense" name="completeExpenseManagementFlow" time="127.625"/>
</testsuite> <!-- enterprise.Expense -->
