<?xml version="1.0" encoding="UTF-8"?>
<!-- Generated by org.testng.reporters.JUnitReportReporter -->
<testsuite hostname="ATS-PC10" failures="0" tests="1" name="enterprise.ExpenseManagement" time="77.068" errors="0" timestamp="2025-04-19T09:37:34 IST" skipped="0">
  <testcase classname="enterprise.ExpenseManagement" name="expenseworkflow" time="77.068"/>
</testsuite> <!-- enterprise.ExpenseManagement -->
